<?xml version="1.0" encoding="UTF-8"?>
<!-- Generated by org.testng.reporters.JUnitReportReporter -->
<testsuite skipped="0" hostname="DESKTOP-P743NVF" name="poly.testExcel.TestLogin" tests="1" failures="0" timestamp="2022-04-19T23:06:13 ICT" time="0.004" errors="0">
  <testcase name="LoginTest" time="0.004" classname="poly.testExcel.TestLogin"/>
  <system-out/>
</testsuite> <!-- poly.testExcel.TestLogin -->
