<?xml version="1.0" encoding="UTF-8"?>
<!-- Generated by org.testng.reporters.JUnitReportReporter -->
<testsuite skipped="0" hostname="DUYPLUS" name="testsendkey.SendKeyLogin" tests="7" failures="0" timestamp="2022-04-15T17:06:01 ICT" time="14.292" errors="0">
  <testcase name="LaunchWebsite" time="0.301" classname="testsendkey.SendKeyLogin"/>
  <system-out/>
  <testcase name="FillLoginDetails" time="1.116" classname="testsendkey.SendKeyLogin"/>
  <system-out/>
  <testcase name="DoLogin" time="1.245" classname="testsendkey.SendKeyLogin"/>
  <system-out/>
  <testcase name="DoUser" time="2.154" classname="testsendkey.SendKeyLogin"/>
  <system-out/>
  <testcase name="DoEdit" time="5.131" classname="testsendkey.SendKeyLogin"/>
  <system-out/>
  <testcase name="FillUpdateDetails" time="3.205" classname="testsendkey.SendKeyLogin"/>
  <system-out/>
  <testcase name="DoUpdate" time="1.140" classname="testsendkey.SendKeyLogin"/>
  <system-out/>
</testsuite> <!-- testsendkey.SendKeyLogin -->
