<?xml version="1.0" encoding="UTF-8"?>
<!-- Generated by org.testng.reporters.JUnitReportReporter -->
<testsuite skipped="0" hostname="DUYPLUS" name="testsendkey.RegisterUser" tests="3" failures="0" timestamp="2022-04-17T21:04:11 ICT" time="2.936" errors="0">
  <testcase name="LaunchWebsite" time="0.347" classname="testsendkey.RegisterUser"/>
  <system-out/>
  <testcase name="FillRegisterDetails" time="1.265" classname="testsendkey.RegisterUser"/>
  <system-out/>
  <testcase name="DoRegister" time="1.324" classname="testsendkey.RegisterUser"/>
  <system-out/>
</testsuite> <!-- testsendkey.RegisterUser -->
