<?xml version="1.0" encoding="UTF-8"?>
<!-- Generated by org.testng.reporters.JUnitReportReporter -->
<testsuite skipped="0" hostname="DUYPLUS" name="testExcel.TestExcelDelete" tests="2" failures="0" timestamp="2022-04-21T00:33:42 ICT" time="22.075" errors="0">
  <testcase name="Login" time="2.675" classname="testExcel.TestExcelDelete"/>
  <system-out/>
  <testcase name="DeleteTest" time="19.400" classname="testExcel.TestExcelDelete"/>
  <system-out/>
</testsuite> <!-- testExcel.TestExcelDelete -->
