<?xml version="1.0" encoding="UTF-8"?>
<!-- Generated by org.testng.reporters.JUnitReportReporter -->
<testsuite skipped="0" hostname="DESKTOP-P743NVF" name="poly.testExcel.TestExcelSignUp" tests="1" failures="0" timestamp="2022-04-19T23:51:05 ICT" time="50.604" errors="0">
  <testcase name="SignTest" time="50.604" classname="poly.testExcel.TestExcelSignUp"/>
  <system-out/>
</testsuite> <!-- poly.testExcel.TestExcelSignUp -->
