<?xml version="1.0" encoding="UTF-8"?>
<!-- Generated by org.testng.reporters.JUnitReportReporter -->
<testsuite skipped="0" hostname="DUYPLUS" name="testExcel.TestExcelSignUp" tests="1" failures="0" timestamp="2022-04-21T00:31:19 ICT" time="52.837" errors="0">
  <testcase name="SignTest" time="52.837" classname="testExcel.TestExcelSignUp"/>
  <system-out/>
</testsuite> <!-- testExcel.TestExcelSignUp -->
