<?xml version="1.0" encoding="UTF-8"?>
<!-- Generated by org.testng.reporters.JUnitReportReporter -->
<testsuite skipped="0" hostname="DESKTOP-P743NVF" name="poly.testExcel.TestExcelDelete" tests="2" failures="0" timestamp="2022-04-19T23:51:05 ICT" time="22.176" errors="0">
  <testcase name="Login" time="2.746" classname="poly.testExcel.TestExcelDelete"/>
  <system-out/>
  <testcase name="DeleteTest" time="19.430" classname="poly.testExcel.TestExcelDelete"/>
  <system-out/>
</testsuite> <!-- poly.testExcel.TestExcelDelete -->
