<?xml version="1.0" encoding="UTF-8"?>
<!-- Generated by org.testng.reporters.JUnitReportReporter -->
<testsuite hostname="MINH-THANH" failures="0" tests="2" name="testExcel.TestExcelUpdate" time="5.038" errors="0" timestamp="2022-12-04T12:45:03 ICT" skipped="0">
  <testcase classname="testExcel.TestExcelUpdate" name="Login" time="5.036"/>
  <system-out/>
  <testcase classname="testExcel.TestExcelUpdate" name="UpdateTest" time="0.002"/>
  <system-out/>
</testsuite> <!-- testExcel.TestExcelUpdate -->
