<?xml version="1.0" encoding="UTF-8"?>
<!-- Generated by org.testng.reporters.JUnitReportReporter -->
<testsuite skipped="0" hostname="DUYPLUS" name="testExcel.TestExcelLogin" tests="1" failures="0" timestamp="2022-04-21T00:29:12 ICT" time="17.409" errors="0">
  <testcase name="LoginTest" time="17.409" classname="testExcel.TestExcelLogin"/>
  <system-out/>
</testsuite> <!-- testExcel.TestExcelLogin -->
