<?xml version="1.0" encoding="UTF-8"?>
<!-- Generated by org.testng.reporters.JUnitReportReporter -->
<testsuite skipped="0" hostname="DUYPLUS" name="testsendkey.LoginUser" tests="3" failures="0" timestamp="2022-04-17T21:02:50 ICT" time="3.760" errors="0">
  <testcase name="LaunchWebsite" time="0.321" classname="testsendkey.LoginUser"/>
  <system-out/>
  <testcase name="FillLoginDetails" time="2.185" classname="testsendkey.LoginUser"/>
  <system-out/>
  <testcase name="DoLogin" time="1.254" classname="testsendkey.LoginUser"/>
  <system-out/>
</testsuite> <!-- testsendkey.LoginUser -->
