<?xml version="1.0" encoding="UTF-8"?>
<!-- Generated by org.testng.reporters.JUnitReportReporter -->
<testsuite skipped="0" hostname="DUYPLUS" name="selenium.LoginUser" tests="16" failures="0" timestamp="2022-04-18T03:13:44 ICT" time="96.243" errors="0">
  <testcase name="FillSignUp1" time="6.773" classname="selenium.LoginUser"/>
  <system-out/>
  <testcase name="FillSignUp2" time="6.456" classname="selenium.LoginUser"/>
  <system-out/>
  <testcase name="FillSignUp3" time="6.411" classname="selenium.LoginUser"/>
  <system-out/>
  <testcase name="FillSignUp4" time="6.431" classname="selenium.LoginUser"/>
  <system-out/>
  <testcase name="FillSignUp5" time="6.431" classname="selenium.LoginUser"/>
  <system-out/>
  <testcase name="FillSignUp6" time="6.350" classname="selenium.LoginUser"/>
  <system-out/>
  <testcase name="FillSignUp7" time="6.519" classname="selenium.LoginUser"/>
  <system-out/>
  <testcase name="LoginDetail1" time="4.332" classname="selenium.LoginUser"/>
  <system-out/>
  <testcase name="LoginDetail2" time="4.256" classname="selenium.LoginUser"/>
  <system-out/>
  <testcase name="LoginDetail3" time="4.237" classname="selenium.LoginUser"/>
  <system-out/>
  <testcase name="LoginDetail4" time="4.267" classname="selenium.LoginUser"/>
  <system-out/>
  <testcase name="LoginDetail5" time="4.225" classname="selenium.LoginUser"/>
  <system-out/>
  <testcase name="LoginDetail6" time="4.229" classname="selenium.LoginUser"/>
  <system-out/>
  <testcase name="FillLogin7" time="4.310" classname="selenium.LoginUser"/>
  <system-out/>
  <testcase name="FillDetails" time="12.651" classname="selenium.LoginUser"/>
  <system-out/>
  <testcase name="DeleteUser" time="8.365" classname="selenium.LoginUser"/>
  <system-out/>
</testsuite> <!-- selenium.LoginUser -->
